<?xml version="1.0" encoding="UTF-8"?>
<!-- Generated by org.testng.reporters.JUnitXMLReporter -->
<testsuite ignored="0" hostname="LAPTOP-1DVQM3GP" failures="0" tests="6" name="Test" time="59.489" errors="0" timestamp="2024-04-11T19:03:34 IST">
  <testcase classname="testcases.Scenarios" name="LoginFlow" time="0.102"/>
  <testcase classname="testcases.Scenarios" name="productListingVerification" time="0.148"/>
  <testcase classname="testcases.Scenarios" name="sortingCheck" time="5.735"/>
  <testcase classname="testcases.Scenarios" name="addingToCart" time="0.154"/>
  <testcase classname="testcases.Scenarios" name="checkOut" time="0.6"/>
  <testcase classname="testcases.Scenarios" name="additional_Case" time="0.788"/>
</testsuite> <!-- Test -->
