<?xml version="1.0" encoding="UTF-8"?>
<!-- Generated by org.testng.reporters.JUnitXMLReporter -->
<testsuite ignored="4" hostname="LAPTOP-1DVQM3GP" failures="0" tests="2" name="Test" time="20.389" errors="0" timestamp="2024-04-11T22:32:24 IST">
  <testcase classname="testcases.Scenarios" name="LoginFlow" time="0.303"/>
  <testcase classname="testcases.Scenarios" name="additional_Case" time="0.969"/>
  <testcase classname="testcases.Scenarios" name="checkOut" time="0.0">
    <ignored/>
  </testcase> <!-- checkOut -->
  <testcase classname="testcases.Scenarios" name="productListingVerification" time="0.0">
    <ignored/>
  </testcase> <!-- productListingVerification -->
  <testcase classname="testcases.Scenarios" name="sortingCheck" time="0.0">
    <ignored/>
  </testcase> <!-- sortingCheck -->
  <testcase classname="testcases.Scenarios" name="addingToCart" time="0.0">
    <ignored/>
  </testcase> <!-- addingToCart -->
</testsuite> <!-- Test -->
