<?xml version="1.0" encoding="UTF-8"?>
<testng-results ignored="0" total="3" passed="2" failed="1" skipped="0">
  <reporter-output>
  </reporter-output>
  <suite started-at="2024-04-12T08:04:08 IST" name="Suite" finished-at="2024-04-12T08:04:59 IST" duration-ms="50717">
    <groups>
      <group name="regression">
        <method signature="Scenarios.loginFlow()[pri:0, instance:testcases.Scenarios@4988d8b8]" name="loginFlow" class="testcases.Scenarios"/>
        <method signature="Scenarios.productListingVerification()[pri:1, instance:testcases.Scenarios@4988d8b8]" name="productListingVerification" class="testcases.Scenarios"/>
        <method signature="Scenarios.purposelyFailLoginFlow()[pri:6, instance:testcases.Scenarios@4988d8b8]" name="purposelyFailLoginFlow" class="testcases.Scenarios"/>
      </group> <!-- regression -->
      <group name="e2e">
        <method signature="Scenarios.loginFlow()[pri:0, instance:testcases.Scenarios@4988d8b8]" name="loginFlow" class="testcases.Scenarios"/>
        <method signature="Scenarios.purposelyFailLoginFlow()[pri:6, instance:testcases.Scenarios@4988d8b8]" name="purposelyFailLoginFlow" class="testcases.Scenarios"/>
      </group> <!-- e2e -->
      <group name="sanity">
        <method signature="Scenarios.loginFlow()[pri:0, instance:testcases.Scenarios@4988d8b8]" name="loginFlow" class="testcases.Scenarios"/>
        <method signature="Scenarios.productListingVerification()[pri:1, instance:testcases.Scenarios@4988d8b8]" name="productListingVerification" class="testcases.Scenarios"/>
        <method signature="Scenarios.purposelyFailLoginFlow()[pri:6, instance:testcases.Scenarios@4988d8b8]" name="purposelyFailLoginFlow" class="testcases.Scenarios"/>
      </group> <!-- sanity -->
      <group name="positive">
        <method signature="Scenarios.loginFlow()[pri:0, instance:testcases.Scenarios@4988d8b8]" name="loginFlow" class="testcases.Scenarios"/>
        <method signature="Scenarios.productListingVerification()[pri:1, instance:testcases.Scenarios@4988d8b8]" name="productListingVerification" class="testcases.Scenarios"/>
        <method signature="Scenarios.purposelyFailLoginFlow()[pri:6, instance:testcases.Scenarios@4988d8b8]" name="purposelyFailLoginFlow" class="testcases.Scenarios"/>
      </group> <!-- positive -->
    </groups>
    <test started-at="2024-04-12T08:04:08 IST" name="Test" finished-at="2024-04-12T08:04:59 IST" duration-ms="50717">
      <class name="testcases.Scenarios">
        <test-method is-config="true" signature="initialization()[pri:0, instance:testcases.Scenarios@4988d8b8]" started-at="2024-04-12T08:04:08 IST" name="initialization" finished-at="2024-04-12T08:04:08 IST" duration-ms="188" status="PASS">
          <reporter-output>
          </reporter-output>
        </test-method> <!-- initialization -->
        <test-method is-config="true" signature="loginToApplication()[pri:0, instance:testcases.Scenarios@4988d8b8]" started-at="2024-04-12T08:04:08 IST" name="loginToApplication" description="Logs into the application" finished-at="2024-04-12T08:04:35 IST" duration-ms="27483" status="PASS">
          <reporter-output>
          </reporter-output>
        </test-method> <!-- loginToApplication -->
        <test-method signature="loginFlow()[pri:0, instance:testcases.Scenarios@4988d8b8]" started-at="2024-04-12T08:04:35 IST" name="loginFlow" description="Checks if logo is displayed after login" finished-at="2024-04-12T08:04:36 IST" duration-ms="264" status="PASS">
          <reporter-output>
          </reporter-output>
        </test-method> <!-- loginFlow -->
        <test-method is-config="true" signature="cleanUp(org.testng.ITestResult)[pri:0, instance:testcases.Scenarios@4988d8b8]" started-at="2024-04-12T08:04:36 IST" name="cleanUp" description="Quits browser" finished-at="2024-04-12T08:04:37 IST" duration-ms="1314" status="PASS">
          <params>
            <param index="0">
              <value>
                <![CDATA[[TestResult name=loginFlow status=SUCCESS method=Scenarios.loginFlow()[pri:0, instance:testcases.Scenarios@4988d8b8] output={null}]]]>
              </value>
            </param>
          </params>
          <reporter-output>
          </reporter-output>
        </test-method> <!-- cleanUp -->
        <test-method is-config="true" signature="loginToApplication()[pri:0, instance:testcases.Scenarios@4988d8b8]" started-at="2024-04-12T08:04:37 IST" name="loginToApplication" description="Logs into the application" finished-at="2024-04-12T08:04:48 IST" duration-ms="11408" status="PASS">
          <reporter-output>
          </reporter-output>
        </test-method> <!-- loginToApplication -->
        <test-method signature="productListingVerification()[pri:1, instance:testcases.Scenarios@4988d8b8]" started-at="2024-04-12T08:04:48 IST" name="productListingVerification" description="Checks if products are listed correctly" finished-at="2024-04-12T08:04:49 IST" depends-on-methods="testcases.Scenarios.loginFlow" duration-ms="201" status="PASS">
          <reporter-output>
          </reporter-output>
        </test-method> <!-- productListingVerification -->
        <test-method is-config="true" signature="cleanUp(org.testng.ITestResult)[pri:0, instance:testcases.Scenarios@4988d8b8]" started-at="2024-04-12T08:04:49 IST" name="cleanUp" description="Quits browser" finished-at="2024-04-12T08:04:49 IST" duration-ms="242" status="PASS">
          <params>
            <param index="0">
              <value>
                <![CDATA[[TestResult name=productListingVerification status=SUCCESS method=Scenarios.productListingVerification()[pri:1, instance:testcases.Scenarios@4988d8b8] output={null}]]]>
              </value>
            </param>
          </params>
          <reporter-output>
          </reporter-output>
        </test-method> <!-- cleanUp -->
        <test-method is-config="true" signature="loginToApplication()[pri:0, instance:testcases.Scenarios@4988d8b8]" started-at="2024-04-12T08:04:49 IST" name="loginToApplication" description="Logs into the application" finished-at="2024-04-12T08:04:58 IST" duration-ms="8938" status="PASS">
          <reporter-output>
          </reporter-output>
        </test-method> <!-- loginToApplication -->
        <test-method signature="purposelyFailLoginFlow()[pri:6, instance:testcases.Scenarios@4988d8b8]" started-at="2024-04-12T08:04:58 IST" name="purposelyFailLoginFlow" description="Purposely fails login flow for demo" finished-at="2024-04-12T08:04:58 IST" duration-ms="517" status="FAIL">
          <exception class="java.lang.AssertionError">
            <message>
              <![CDATA[Swag Labs text is not matching expected [true] but found [false]]]>
            </message>
            <full-stacktrace>
              <![CDATA[java.lang.AssertionError: Swag Labs text is not matching expected [true] but found [false]
at org.testng.Assert.fail(Assert.java:111)
at org.testng.Assert.failNotEquals(Assert.java:1578)
at org.testng.Assert.assertTrue(Assert.java:57)
at testcases.Scenarios.purposelyFailLoginFlow(Scenarios.java:198)
at java.base/jdk.internal.reflect.DirectMethodHandleAccessor.invoke(DirectMethodHandleAccessor.java:103)
at java.base/java.lang.reflect.Method.invoke(Method.java:580)
at org.testng.internal.invokers.MethodInvocationHelper.invokeMethod(MethodInvocationHelper.java:139)
at org.testng.internal.invokers.TestInvoker.invokeMethod(TestInvoker.java:664)
at org.testng.internal.invokers.TestInvoker.invokeTestMethod(TestInvoker.java:228)
at org.testng.internal.invokers.MethodRunner.runInSequence(MethodRunner.java:63)
at org.testng.internal.invokers.TestInvoker$MethodInvocationAgent.invoke(TestInvoker.java:961)
at org.testng.internal.invokers.TestInvoker.invokeTestMethods(TestInvoker.java:201)
at org.testng.internal.invokers.TestMethodWorker.invokeTestMethods(TestMethodWorker.java:148)
at org.testng.internal.invokers.TestMethodWorker.run(TestMethodWorker.java:128)
at java.base/java.util.ArrayList.forEach(ArrayList.java:1597)
at org.testng.TestRunner.privateRun(TestRunner.java:819)
at org.testng.TestRunner.run(TestRunner.java:619)
at org.testng.SuiteRunner.runTest(SuiteRunner.java:443)
at org.testng.SuiteRunner.runSequentially(SuiteRunner.java:437)
at org.testng.SuiteRunner.privateRun(SuiteRunner.java:397)
at org.testng.SuiteRunner.run(SuiteRunner.java:336)
at org.testng.SuiteRunnerWorker.runSuite(SuiteRunnerWorker.java:52)
at org.testng.SuiteRunnerWorker.run(SuiteRunnerWorker.java:95)
at org.testng.TestNG.runSuitesSequentially(TestNG.java:1301)
at org.testng.TestNG.runSuitesLocally(TestNG.java:1228)
at org.testng.TestNG.runSuites(TestNG.java:1134)
at org.testng.TestNG.run(TestNG.java:1101)
at org.testng.remote.AbstractRemoteTestNG.run(AbstractRemoteTestNG.java:115)
at org.testng.remote.RemoteTestNG.initAndRun(RemoteTestNG.java:251)
at org.testng.remote.RemoteTestNG.main(RemoteTestNG.java:77)
]]>
            </full-stacktrace>
          </exception> <!-- java.lang.AssertionError -->
          <reporter-output>
          </reporter-output>
        </test-method> <!-- purposelyFailLoginFlow -->
        <test-method is-config="true" signature="cleanUp(org.testng.ITestResult)[pri:0, instance:testcases.Scenarios@4988d8b8]" started-at="2024-04-12T08:04:58 IST" name="cleanUp" description="Quits browser" finished-at="2024-04-12T08:04:59 IST" duration-ms="291" status="PASS">
          <params>
            <param index="0">
              <value>
                <![CDATA[[TestResult name=purposelyFailLoginFlow status=FAILURE method=Scenarios.purposelyFailLoginFlow()[pri:6, instance:testcases.Scenarios@4988d8b8] output={null}]]]>
              </value>
            </param>
          </params>
          <reporter-output>
          </reporter-output>
        </test-method> <!-- cleanUp -->
        <test-method is-config="true" signature="cleanUp()[pri:0, instance:testcases.Scenarios@4988d8b8]" started-at="2024-04-12T08:04:59 IST" name="cleanUp" finished-at="2024-04-12T08:04:59 IST" duration-ms="644" status="PASS">
          <reporter-output>
          </reporter-output>
        </test-method> <!-- cleanUp -->
      </class> <!-- testcases.Scenarios -->
    </test> <!-- Test -->
  </suite> <!-- Suite -->
</testng-results>
