<?xml version="1.0" encoding="UTF-8"?>
<testng-results ignored="0" total="2" passed="2" failed="0" skipped="0">
  <reporter-output>
  </reporter-output>
  <suite started-at="2024-04-12T00:23:39 IST" name="Suite" finished-at="2024-04-12T00:24:01 IST" duration-ms="21730">
    <groups>
      <group name="regression">
        <method signature="Scenarios.LoginFlow()[pri:0, instance:testcases.Scenarios@17f7cd29]" name="LoginFlow" class="testcases.Scenarios"/>
        <method signature="Scenarios.additional_Case()[pri:5, instance:testcases.Scenarios@17f7cd29]" name="additional_Case" class="testcases.Scenarios"/>
      </group> <!-- regression -->
      <group name="e2e">
        <method signature="Scenarios.LoginFlow()[pri:0, instance:testcases.Scenarios@17f7cd29]" name="LoginFlow" class="testcases.Scenarios"/>
        <method signature="Scenarios.additional_Case()[pri:5, instance:testcases.Scenarios@17f7cd29]" name="additional_Case" class="testcases.Scenarios"/>
      </group> <!-- e2e -->
      <group name="sanity">
        <method signature="Scenarios.LoginFlow()[pri:0, instance:testcases.Scenarios@17f7cd29]" name="LoginFlow" class="testcases.Scenarios"/>
        <method signature="Scenarios.additional_Case()[pri:5, instance:testcases.Scenarios@17f7cd29]" name="additional_Case" class="testcases.Scenarios"/>
      </group> <!-- sanity -->
      <group name="positive">
        <method signature="Scenarios.LoginFlow()[pri:0, instance:testcases.Scenarios@17f7cd29]" name="LoginFlow" class="testcases.Scenarios"/>
      </group> <!-- positive -->
    </groups>
    <test started-at="2024-04-12T00:23:39 IST" name="Test" finished-at="2024-04-12T00:24:01 IST" duration-ms="21730">
      <class name="testcases.Scenarios">
        <test-method is-config="true" signature="initialization()[pri:0, instance:testcases.Scenarios@17f7cd29]" started-at="2024-04-12T00:23:39 IST" name="initialization" finished-at="2024-04-12T00:23:39 IST" duration-ms="167" status="PASS">
          <reporter-output>
          </reporter-output>
        </test-method> <!-- initialization -->
        <test-method is-config="true" signature="LoginToApplication()[pri:0, instance:testcases.Scenarios@17f7cd29]" started-at="2024-04-12T00:23:39 IST" name="LoginToApplication" description="Logs into the application" finished-at="2024-04-12T00:23:50 IST" duration-ms="10690" status="PASS">
          <reporter-output>
          </reporter-output>
        </test-method> <!-- LoginToApplication -->
        <test-method signature="LoginFlow()[pri:0, instance:testcases.Scenarios@17f7cd29]" started-at="2024-04-12T00:23:50 IST" name="LoginFlow" description="Checks if logo is displayed after login" finished-at="2024-04-12T00:23:50 IST" duration-ms="108" status="PASS">
          <reporter-output>
          </reporter-output>
        </test-method> <!-- LoginFlow -->
        <test-method is-config="true" signature="cleanUp(org.testng.ITestResult)[pri:0, instance:testcases.Scenarios@17f7cd29]" started-at="2024-04-12T00:23:50 IST" name="cleanUp" description="Quits browser" finished-at="2024-04-12T00:23:50 IST" duration-ms="248" status="PASS">
          <params>
            <param index="0">
              <value>
                <![CDATA[[TestResult name=LoginFlow status=SUCCESS method=Scenarios.LoginFlow()[pri:0, instance:testcases.Scenarios@17f7cd29] output={null}]]]>
              </value>
            </param>
          </params>
          <reporter-output>
          </reporter-output>
        </test-method> <!-- cleanUp -->
        <test-method is-config="true" signature="LoginToApplication()[pri:0, instance:testcases.Scenarios@17f7cd29]" started-at="2024-04-12T00:23:50 IST" name="LoginToApplication" description="Logs into the application" finished-at="2024-04-12T00:24:00 IST" duration-ms="9515" status="PASS">
          <reporter-output>
          </reporter-output>
        </test-method> <!-- LoginToApplication -->
        <test-method signature="additional_Case()[pri:5, instance:testcases.Scenarios@17f7cd29]" started-at="2024-04-12T00:24:00 IST" name="additional_Case" description="Checks if user is able to checkout first 3 least priced products" finished-at="2024-04-12T00:24:01 IST" depends-on-methods="testcases.Scenarios.LoginFlow" duration-ms="872" status="PASS">
          <reporter-output>
          </reporter-output>
        </test-method> <!-- additional_Case -->
        <test-method is-config="true" signature="cleanUp(org.testng.ITestResult)[pri:0, instance:testcases.Scenarios@17f7cd29]" started-at="2024-04-12T00:24:01 IST" name="cleanUp" description="Quits browser" finished-at="2024-04-12T00:24:01 IST" duration-ms="262" status="PASS">
          <params>
            <param index="0">
              <value>
                <![CDATA[[TestResult name=additional_Case status=SUCCESS method=Scenarios.additional_Case()[pri:5, instance:testcases.Scenarios@17f7cd29] output={null}]]]>
              </value>
            </param>
          </params>
          <reporter-output>
          </reporter-output>
        </test-method> <!-- cleanUp -->
        <test-method is-config="true" signature="cleanUp()[pri:0, instance:testcases.Scenarios@17f7cd29]" started-at="2024-04-12T00:24:01 IST" name="cleanUp" finished-at="2024-04-12T00:24:01 IST" duration-ms="180" status="PASS">
          <reporter-output>
          </reporter-output>
        </test-method> <!-- cleanUp -->
      </class> <!-- testcases.Scenarios -->
    </test> <!-- Test -->
  </suite> <!-- Suite -->
</testng-results>
